2002.07.30 14:50 B C:\jb\Websites\mediablitz\graphics\askbeast2.jpg <-- exa /public_html/projects/mediablitz/graphics askbeast2.jpg
2002.07.30 14:50 B C:\jb\Websites\mediablitz\graphics\askbeastbanner.jpg <-- exa /public_html/projects/mediablitz/graphics askbeastbanner.jpg
2002.07.30 14:50 B C:\jb\Websites\mediablitz\graphics\beastia.gif <-- exa /public_html/projects/mediablitz/graphics beastia.gif
2002.07.30 14:50 B C:\jb\Websites\mediablitz\graphics\bio2.jpg <-- exa /public_html/projects/mediablitz/graphics bio2.jpg
2002.07.30 14:50 B C:\jb\Websites\mediablitz\graphics\bio3.jpg <-- exa /public_html/projects/mediablitz/graphics bio3.jpg
2002.07.30 14:50 B C:\jb\Websites\mediablitz\graphics\blbg.gif <-- exa /public_html/projects/mediablitz/graphics blbg.gif
2002.07.30 14:50 B C:\jb\Websites\mediablitz\graphics\circle.gif <-- exa /public_html/projects/mediablitz/graphics circle.gif
2002.07.30 14:50 B C:\jb\Websites\mediablitz\graphics\clear.gif <-- exa /public_html/projects/mediablitz/graphics clear.gif
2002.07.30 14:50 B C:\jb\Websites\mediablitz\graphics\disco2.jpg <-- exa /public_html/projects/mediablitz/graphics disco2.jpg
2002.07.30 14:50 B C:\jb\Websites\mediablitz\graphics\disco3.jpg <-- exa /public_html/projects/mediablitz/graphics disco3.jpg
2002.07.30 14:50 B C:\jb\Websites\mediablitz\graphics\flyers2.jpg <-- exa /public_html/projects/mediablitz/graphics flyers2.jpg
2002.07.30 14:50 B C:\jb\Websites\mediablitz\graphics\flyers3.jpg <-- exa /public_html/projects/mediablitz/graphics flyers3.jpg
2002.07.30 14:50 B C:\jb\Websites\mediablitz\graphics\fotos2.jpg <-- exa /public_html/projects/mediablitz/graphics fotos2.jpg
2002.07.30 14:50 B C:\jb\Websites\mediablitz\graphics\fotos3.jpg <-- exa /public_html/projects/mediablitz/graphics fotos3.jpg
2002.07.30 14:50 B C:\jb\Websites\mediablitz\graphics\gigs2.jpg <-- exa /public_html/projects/mediablitz/graphics gigs2.jpg
2002.07.30 14:50 B C:\jb\Websites\mediablitz\graphics\home2.jpg <-- exa /public_html/projects/mediablitz/graphics home2.jpg
2002.07.30 14:50 B C:\jb\Websites\mediablitz\graphics\lepbg2.jpg <-- exa /public_html/projects/mediablitz/graphics lepbg2.jpg
2002.07.30 14:50 B C:\jb\Websites\mediablitz\graphics\linebg.jpg <-- exa /public_html/projects/mediablitz/graphics linebg.jpg
2002.07.30 14:50 B C:\jb\Websites\mediablitz\graphics\links2.jpg <-- exa /public_html/projects/mediablitz/graphics links2.jpg
2002.07.30 14:50 B C:\jb\Websites\mediablitz\graphics\mbanim4.gif <-- exa /public_html/projects/mediablitz/graphics mbanim4.gif
2002.07.30 14:50 B C:\jb\Websites\mediablitz\graphics\mbfront1.jpg <-- exa /public_html/projects/mediablitz/graphics mbfront1.jpg
2002.07.30 14:50 B C:\jb\Websites\mediablitz\graphics\mblogo.jpg <-- exa /public_html/projects/mediablitz/graphics mblogo.jpg
2002.07.30 14:50 B C:\jb\Websites\mediablitz\graphics\mbtv2.gif <-- exa /public_html/projects/mediablitz/graphics mbtv2.gif
2002.07.30 14:50 B C:\jb\Websites\mediablitz\graphics\members2.jpg <-- exa /public_html/projects/mediablitz/graphics members2.jpg
2002.07.30 14:50 B C:\jb\Websites\mediablitz\graphics\members3.jpg <-- exa /public_html/projects/mediablitz/graphics members3.jpg
2002.07.30 14:50 B C:\jb\Websites\mediablitz\graphics\menucap2.jpg <-- exa /public_html/projects/mediablitz/graphics menucap2.jpg
2002.07.30 14:50 B C:\jb\Websites\mediablitz\graphics\menucap3.gif <-- exa /public_html/projects/mediablitz/graphics menucap3.gif
2002.07.30 14:50 B C:\jb\Websites\mediablitz\graphics\merch2.jpg <-- exa /public_html/projects/mediablitz/graphics merch2.jpg
2002.07.30 14:50 B C:\jb\Websites\mediablitz\graphics\merch3.jpg <-- exa /public_html/projects/mediablitz/graphics merch3.jpg
2002.07.30 14:50 B C:\jb\Websites\mediablitz\graphics\msgboard2.jpg <-- exa /public_html/projects/mediablitz/graphics msgboard2.jpg
2002.07.30 14:50 B C:\jb\Websites\mediablitz\graphics\pichome1.jpg <-- exa /public_html/projects/mediablitz/graphics pichome1.jpg
2002.07.30 14:50 B C:\jb\Websites\mediablitz\graphics\pichome2.jpg <-- exa /public_html/projects/mediablitz/graphics pichome2.jpg
2002.07.30 14:50 B C:\jb\Websites\mediablitz\graphics\picnext1.jpg <-- exa /public_html/projects/mediablitz/graphics picnext1.jpg
2002.07.30 14:50 B C:\jb\Websites\mediablitz\graphics\picnext2.jpg <-- exa /public_html/projects/mediablitz/graphics picnext2.jpg
2002.07.30 14:50 B C:\jb\Websites\mediablitz\graphics\picprev1.jpg <-- exa /public_html/projects/mediablitz/graphics picprev1.jpg
2002.07.30 14:50 B C:\jb\Websites\mediablitz\graphics\picprev2.jpg <-- exa /public_html/projects/mediablitz/graphics picprev2.jpg
2002.07.30 14:50 B C:\jb\Websites\mediablitz\graphics\redline.gif <-- exa /public_html/projects/mediablitz/graphics redline.gif
2002.07.30 14:50 B C:\jb\Websites\mediablitz\graphics\reviews2.jpg <-- exa /public_html/projects/mediablitz/graphics reviews2.jpg
2002.07.30 14:50 B C:\jb\Websites\mediablitz\graphics\reviews3.jpg <-- exa /public_html/projects/mediablitz/graphics reviews3.jpg
2002.07.30 14:50 B C:\jb\Websites\mediablitz\graphics\rosieblitz.gif <-- exa /public_html/projects/mediablitz/graphics rosieblitz.gif
2002.07.30 14:50 B C:\jb\Websites\mediablitz\graphics\seriousmike.gif <-- exa /public_html/projects/mediablitz/graphics seriousmike.gif
2002.07.30 14:50 B C:\jb\Websites\mediablitz\graphics\sounds2.jpg <-- exa /public_html/projects/mediablitz/graphics sounds2.jpg
2002.07.30 14:50 B C:\jb\Websites\mediablitz\graphics\sounds3.jpg <-- exa /public_html/projects/mediablitz/graphics sounds3.jpg
2002.07.30 14:50 B C:\jb\Websites\mediablitz\graphics\tonyfingers.gif <-- exa /public_html/projects/mediablitz/graphics tonyfingers.gif
2002.07.30 14:50 B C:\jb\Websites\mediablitz\graphics\video2.jpg <-- exa /public_html/projects/mediablitz/graphics video2.jpg
2002.07.30 14:50 B C:\jb\Websites\mediablitz\graphics\video3.jpg <-- exa /public_html/projects/mediablitz/graphics video3.jpg
2002.07.30 14:50 B C:\jb\Websites\mediablitz\graphics\whbg.gif <-- exa /public_html/projects/mediablitz/graphics whbg.gif
