2002.07.30 14:49 B C:\jb\Websites\mediablitz\fotos\2x2.jpg <-- exa /public_html/projects/mediablitz/fotos 2x2.jpg
2002.07.30 14:49 B C:\jb\Websites\mediablitz\fotos\band1.jpg <-- exa /public_html/projects/mediablitz/fotos band1.jpg
2002.07.30 14:49 B C:\jb\Websites\mediablitz\fotos\band2.jpg <-- exa /public_html/projects/mediablitz/fotos band2.jpg
2002.07.30 14:49 B C:\jb\Websites\mediablitz\fotos\band3.jpg <-- exa /public_html/projects/mediablitz/fotos band3.jpg
2002.07.30 14:49 B C:\jb\Websites\mediablitz\fotos\band4.jpg <-- exa /public_html/projects/mediablitz/fotos band4.jpg
2002.07.30 14:49 B C:\jb\Websites\mediablitz\fotos\band5.jpg <-- exa /public_html/projects/mediablitz/fotos band5.jpg
2002.07.30 14:49 B C:\jb\Websites\mediablitz\fotos\band6.jpg <-- exa /public_html/projects/mediablitz/fotos band6.jpg
2002.07.30 14:49 B C:\jb\Websites\mediablitz\fotos\band7.jpg <-- exa /public_html/projects/mediablitz/fotos band7.jpg
2002.07.30 14:49 B C:\jb\Websites\mediablitz\fotos\band8.jpg <-- exa /public_html/projects/mediablitz/fotos band8.jpg
2002.07.30 14:49 B C:\jb\Websites\mediablitz\fotos\band9.jpg <-- exa /public_html/projects/mediablitz/fotos band9.jpg
2002.07.30 14:49 B C:\jb\Websites\mediablitz\fotos\bathroom.jpg <-- exa /public_html/projects/mediablitz/fotos bathroom.jpg
2002.07.30 14:49 B C:\jb\Websites\mediablitz\fotos\beast1sm.jpg <-- exa /public_html/projects/mediablitz/fotos beast1sm.jpg
2002.07.30 14:49 B C:\jb\Websites\mediablitz\fotos\beast2.jpg <-- exa /public_html/projects/mediablitz/fotos beast2.jpg
2002.07.30 14:49 B C:\jb\Websites\mediablitz\fotos\beast2sm.jpg <-- exa /public_html/projects/mediablitz/fotos beast2sm.jpg
2002.07.30 14:49 B C:\jb\Websites\mediablitz\fotos\beast3.jpg <-- exa /public_html/projects/mediablitz/fotos beast3.jpg
2002.07.30 14:49 B C:\jb\Websites\mediablitz\fotos\beast3sm.jpg <-- exa /public_html/projects/mediablitz/fotos beast3sm.jpg
2002.07.30 14:49 B C:\jb\Websites\mediablitz\fotos\beast4.jpg <-- exa /public_html/projects/mediablitz/fotos beast4.jpg
2002.07.30 14:49 B C:\jb\Websites\mediablitz\fotos\bed.jpg <-- exa /public_html/projects/mediablitz/fotos bed.jpg
2002.07.30 14:49 B C:\jb\Websites\mediablitz\fotos\car.jpg <-- exa /public_html/projects/mediablitz/fotos car.jpg
2002.07.30 14:49 B C:\jb\Websites\mediablitz\fotos\dick.jpg <-- exa /public_html/projects/mediablitz/fotos dick.jpg
2002.07.30 14:49 B C:\jb\Websites\mediablitz\fotos\drum1sm.jpg <-- exa /public_html/projects/mediablitz/fotos drum1sm.jpg
2002.07.30 14:49 B C:\jb\Websites\mediablitz\fotos\git1sm.jpg <-- exa /public_html/projects/mediablitz/fotos git1sm.jpg
2002.07.30 14:49 B C:\jb\Websites\mediablitz\fotos\hanging.jpg <-- exa /public_html/projects/mediablitz/fotos hanging.jpg
2002.07.30 14:49 B C:\jb\Websites\mediablitz\fotos\marquee.jpg <-- exa /public_html/projects/mediablitz/fotos marquee.jpg
2002.07.30 14:49 B C:\jb\Websites\mediablitz\fotos\mike1sm.jpg <-- exa /public_html/projects/mediablitz/fotos mike1sm.jpg
2002.07.30 14:49 B C:\jb\Websites\mediablitz\fotos\mike2.jpg <-- exa /public_html/projects/mediablitz/fotos mike2.jpg
2002.07.30 14:50 B C:\jb\Websites\mediablitz\fotos\oldband.jpg <-- exa /public_html/projects/mediablitz/fotos oldband.jpg
2002.07.30 14:50 B C:\jb\Websites\mediablitz\fotos\oldband1.jpg <-- exa /public_html/projects/mediablitz/fotos oldband1.jpg
2002.07.30 14:50 B C:\jb\Websites\mediablitz\fotos\oldband1sm.jpg <-- exa /public_html/projects/mediablitz/fotos oldband1sm.jpg
2002.07.30 14:50 B C:\jb\Websites\mediablitz\fotos\oldbandsm.jpg <-- exa /public_html/projects/mediablitz/fotos oldbandsm.jpg
2002.07.30 14:50 B C:\jb\Websites\mediablitz\fotos\panties.jpg <-- exa /public_html/projects/mediablitz/fotos panties.jpg
2002.07.30 14:50 B C:\jb\Websites\mediablitz\fotos\rose1sm.jpg <-- exa /public_html/projects/mediablitz/fotos rose1sm.jpg
2002.07.30 14:50 B C:\jb\Websites\mediablitz\fotos\rose2.jpg <-- exa /public_html/projects/mediablitz/fotos rose2.jpg
2002.07.30 14:50 B C:\jb\Websites\mediablitz\fotos\rose2sm.jpg <-- exa /public_html/projects/mediablitz/fotos rose2sm.jpg
2002.07.30 14:50 B C:\jb\Websites\mediablitz\fotos\rose3.jpg <-- exa /public_html/projects/mediablitz/fotos rose3.jpg
2002.07.30 14:50 B C:\jb\Websites\mediablitz\fotos\rose3sm.jpg <-- exa /public_html/projects/mediablitz/fotos rose3sm.jpg
2002.07.30 14:50 B C:\jb\Websites\mediablitz\fotos\rose4.jpg <-- exa /public_html/projects/mediablitz/fotos rose4.jpg
2002.07.30 14:50 B C:\jb\Websites\mediablitz\fotos\sister.jpg <-- exa /public_html/projects/mediablitz/fotos sister.jpg
2002.07.30 14:50 B C:\jb\Websites\mediablitz\fotos\tony1sm.jpg <-- exa /public_html/projects/mediablitz/fotos tony1sm.jpg
